
      MUY=7405                                                            Page 1


    1       7405  MUY=7405
    2       7407  DVI=7407
    3             
    4       0200  *200            / test divide (even)
    5 00200 7300  CLA CLL
    6 00201 1377  TAD (3550)
    7 00202 7421  MQL
    8 00203 1376  TAD (47)
    9 00204 7407  DVI; 0550
      00205 0550
   10 00206 7430  SZL
   11 00207 7402  HLT
   12 00210 3300  DCA rem1      / store remainder
   13 00211 7501  MQA
   14 00212 3301  DCA quot1        / store quotient
   15             
   16 00213 7300  CLA CLL
   17 00214 1375  TAD (10)
   18 00215 7421  MQL
   19 00216 1374  TAD (0)
   20 00217 7407  DVI; 0003
      00220 0003
   21 00221 7430  SZL
   22 00222 7402  HLT
   23 00223 3302  DCA rem2
   24 00224 7501  MQA
   25 00225 3303  DCA quot2
   26             
   27 00226 7300  CLA CLL          / test divide (overflow)
   28 00227 1373  TAD (7000)
   29 00230 7421  MQL
   30 00231 1372  TAD (700)
   31 00232 7407  DVI; 0001
      00233 0001
   32 00234 7420  SNL
   33 00235 7402  HLT
   34             
   35             
   36       0300  *300
   37 00300 0000  rem1, 0
   38 00301 0000  quot1, 0  
   39 00302 0000  rem2, 0
   40 00303 0000  quot2, 0
   41             
   42             /    HLT
      00372 0700
      00373 7000
      00374 0000
      00375 0010
      00376 0047
      00377 3550

      No detected errors
