
      MUY=7405                                                            Page 1


    1       7405  MUY=7405
    2       7407  DVI=7407
    3       0010  *10
    4 00010 0000  auto,   0
    5             
    6       0200  *200            / page 1
    7 00200 7300      CLA CLL     / tests JMS and subroutines
    8 00201 4300      JMS 300
    9 00202 3270      DCA 270
   10             
   11       0300  *300
   12 00300 0000      0000        / address of return goes here
   13 00301 7300      CLA CLL
   14 00302 1377      TAD (200)
   15 00303 1376      TAD (300)
   16 00304 5700      JMP I 300 
   17             
   18             /    HLT
      00376 0300
      00377 0200

      No detected errors
