
      MUY=7405                                                            Page 1


    1       7405  MUY=7405
    2       7407  DVI=7407
    3       0010  *10
    4 00010 0000  auto,   0
    5             
    6       0200  *200            / page 1
    7 00200 7300      CLA CLL     / loops 2 times using ISZ then places result in 302
    8 00201 1301      TAD 301
    9 00202 2300      ISZ 300
   10 00203 5201      JMP 201
   11 00204 3302      DCA 302
   12             
   13       0300  *300
   14 00300 7776      7776
   15 00301 0100      0100
   16 00302 0300      0300
   17             
   18             /    HLT

      No detected errors
