
      MUY=7405                                                            Page 1


    1       7405  MUY=7405
    2       7407  DVI=7407
    3             
    4       0200  *200            / page 1
    5       0010      AIX1=10
    6 00200 7300      CLA CLL     / tests JMS and subroutines
    7 00201 1217      TAD STRING
    8 00202 3010      DCA AIX1
    9             
   10 00203 0000  LOOP, 0         / address of return goes here
   11 00204 1410      TAD I AIX1
   12 00205 7450      SNA
   13 00206 7402      HLT
   14 00207 4211      JMS TTYO
   15 00210 5203      JMP LOOP
   16             
   17 00211 0000  TTYO, 0
   18 00212 6046      TLS
   19 00213 6041      TSF
   20 00214 5213      JMP .-1
   21 00215 7200      CLA
   22 00216 5611      JMP I TTYO 
   23             
   24 00217 0217  STRING, .
   25 00220 0061      061         /1
   26 00221 0062      062         /2 
   27 00222 0063      063         /3
   28 00223 0054      054         / comma
   29 00224 0040      040         / 
   30 00225 0110      110         /h
   31 00226 0105      105         /e
   32 00227 0114      114         /l
   33 00230 0114      114         /l
   34 00231 0117      117         /o   
   35 00232 0041      041         /!
   36             
   37             /    HLT

      No detected errors
